<?xml version="1.0" encoding="UTF-8"?>
<coverage generated="1573245836829" clover="3.2.0">
  <project timestamp="1573245836829" name="All files">
    <metrics statements="17" coveredstatements="17" conditionals="0" coveredconditionals="0" methods="5" coveredmethods="5" elements="22" coveredelements="22" complexity="0" loc="17" ncloc="17" packages="1" files="3" classes="3"/>
    <file name="Itinerary.js" path="/Users/samueljmillward/Documents/GitHub/cruise-ships/src/Itinerary.js">
      <metrics statements="3" coveredstatements="3" conditionals="0" coveredconditionals="0" methods="1" coveredmethods="1"/>
      <line num="1" count="2" type="stmt"/>
      <line num="5" count="11" type="stmt"/>
      <line num="8" count="2" type="stmt"/>
    </file>
    <file name="Port.js" path="/Users/samueljmillward/Documents/GitHub/cruise-ships/src/Port.js">
      <metrics statements="2" coveredstatements="2" conditionals="0" coveredconditionals="0" methods="1" coveredmethods="1"/>
      <line num="3" count="18" type="stmt"/>
      <line num="7" count="3" type="stmt"/>
    </file>
    <file name="Ship.js" path="/Users/samueljmillward/Documents/GitHub/cruise-ships/src/Ship.js">
      <metrics statements="12" coveredstatements="12" conditionals="0" coveredconditionals="0" methods="3" coveredmethods="3"/>
      <line num="1" count="2" type="stmt"/>
      <line num="5" count="10" type="stmt"/>
      <line num="10" count="10" type="stmt"/>
      <line num="11" count="10" type="stmt"/>
      <line num="12" count="10" type="stmt"/>
      <line num="13" count="10" type="stmt"/>
      <line num="18" count="6" type="stmt"/>
      <line num="19" count="6" type="stmt"/>
      <line num="20" count="6" type="stmt"/>
      <line num="24" count="2" type="stmt"/>
      <line num="25" count="2" type="stmt"/>
      <line num="30" count="2" type="stmt"/>
    </file>
  </project>
</coverage>
