TN:
SF:/Users/samueljmillward/Documents/GitHub/cruise-ships/src/Itinerary.js
FN:4,(anonymous_0)
FNF:1
FNH:1
FNDA:11,(anonymous_0)
DA:1,2
DA:5,11
DA:8,2
LF:3
LH:3
BRF:0
BRH:0
end_of_record
TN:
SF:/Users/samueljmillward/Documents/GitHub/cruise-ships/src/Port.js
FN:2,(anonymous_0)
FNF:1
FNH:1
FNDA:18,(anonymous_0)
DA:3,18
DA:7,3
LF:2
LH:2
BRF:0
BRH:0
end_of_record
TN:
SF:/Users/samueljmillward/Documents/GitHub/cruise-ships/src/Ship.js
FN:4,(anonymous_0)
FN:17,(anonymous_1)
FN:23,(anonymous_2)
FNF:3
FNH:3
FNDA:10,(anonymous_0)
FNDA:6,(anonymous_1)
FNDA:2,(anonymous_2)
DA:1,2
DA:5,10
DA:10,10
DA:11,10
DA:12,10
DA:13,10
DA:18,6
DA:19,6
DA:20,6
DA:24,2
DA:25,2
DA:30,2
LF:12
LH:12
BRF:0
BRH:0
end_of_record
